Determining if the pthread_create exist failed with the following output:
Change Dir: /home/wang/2.24/object_tracking2/build/CMakeFiles/CMakeTmp

Run Build Command:"/usr/bin/make" "cmTC_0901b/fast"
/usr/bin/make -f CMakeFiles/cmTC_0901b.dir/build.make CMakeFiles/cmTC_0901b.dir/build
make[1]: 进入目录“/home/wang/2.24/object_tracking2/build/CMakeFiles/CMakeTmp”
Building C object CMakeFiles/cmTC_0901b.dir/CheckSymbolExists.c.o
/usr/bin/cc    -o CMakeFiles/cmTC_0901b.dir/CheckSymbolExists.c.o   -c /home/wang/2.24/object_tracking2/build/CMakeFiles/CMakeTmp/CheckSymbolExists.c
Linking C executable cmTC_0901b
/usr/bin/cmake -E cmake_link_script CMakeFiles/cmTC_0901b.dir/link.txt --verbose=1
/usr/bin/cc      -rdynamic CMakeFiles/cmTC_0901b.dir/CheckSymbolExists.c.o  -o cmTC_0901b 
CMakeFiles/cmTC_0901b.dir/CheckSymbolExists.c.o：在函数‘main’中：
CheckSymbolExists.c:(.text+0x1b)：对‘pthread_create’未定义的引用
collect2: error: ld returned 1 exit status
CMakeFiles/cmTC_0901b.dir/build.make:97: recipe for target 'cmTC_0901b' failed
make[1]: *** [cmTC_0901b] Error 1
make[1]: 离开目录“/home/wang/2.24/object_tracking2/build/CMakeFiles/CMakeTmp”
Makefile:126: recipe for target 'cmTC_0901b/fast' failed
make: *** [cmTC_0901b/fast] Error 2

File /home/wang/2.24/object_tracking2/build/CMakeFiles/CMakeTmp/CheckSymbolExists.c:
/* */
#include <pthread.h>

int main(int argc, char** argv)
{
  (void)argv;
#ifndef pthread_create
  return ((int*)(&pthread_create))[argc];
#else
  (void)argc;
  return 0;
#endif
}

Determining if the function pthread_create exists in the pthreads failed with the following output:
Change Dir: /home/wang/2.24/object_tracking2/build/CMakeFiles/CMakeTmp

Run Build Command:"/usr/bin/make" "cmTC_7ee7a/fast"
/usr/bin/make -f CMakeFiles/cmTC_7ee7a.dir/build.make CMakeFiles/cmTC_7ee7a.dir/build
make[1]: 进入目录“/home/wang/2.24/object_tracking2/build/CMakeFiles/CMakeTmp”
Building C object CMakeFiles/cmTC_7ee7a.dir/CheckFunctionExists.c.o
/usr/bin/cc   -DCHECK_FUNCTION_EXISTS=pthread_create   -o CMakeFiles/cmTC_7ee7a.dir/CheckFunctionExists.c.o   -c /usr/share/cmake-3.10/Modules/CheckFunctionExists.c
Linking C executable cmTC_7ee7a
/usr/bin/cmake -E cmake_link_script CMakeFiles/cmTC_7ee7a.dir/link.txt --verbose=1
/usr/bin/cc  -DCHECK_FUNCTION_EXISTS=pthread_create    -rdynamic CMakeFiles/cmTC_7ee7a.dir/CheckFunctionExists.c.o  -o cmTC_7ee7a -lpthreads 
/usr/bin/ld: 找不到 -lpthreads
collect2: error: ld returned 1 exit status
CMakeFiles/cmTC_7ee7a.dir/build.make:97: recipe for target 'cmTC_7ee7a' failed
make[1]: *** [cmTC_7ee7a] Error 1
make[1]: 离开目录“/home/wang/2.24/object_tracking2/build/CMakeFiles/CMakeTmp”
Makefile:126: recipe for target 'cmTC_7ee7a/fast' failed
make: *** [cmTC_7ee7a/fast] Error 2


